{
  "0 debug pnpm:scope": {
    "selected": 3,
    "total": 3,
    "workspacePrefix": "/Users/bytedance/Desktop/codes/webpack-learn"
  },
  "1 debug pnpm:package-manifest": {
    "initial": {
      "name": "webpack",
      "version": "1.0.0",
      "description": "",
      "private": true,
      "workspaces": [
        "packages/*",
        "libs/*"
      ],
      "scripts": {
        "prepare": "husky install",
        "type-check": "bash type-check.sh"
      },
      "devDependencies": {
        "@babel/core": "^7.17.8",
        "@babel/plugin-transform-runtime": "^7.17.10",
        "@babel/preset-env": "^7.17.10",
        "@babel/preset-react": "^7.16.7",
        "@babel/runtime-corejs3": "^7.17.9",
        "@commitlint/cli": "^16.2.3",
        "@commitlint/config-angular": "^16.2.3",
        "@types/glob": "^7.2.0",
        "@types/node": "^17.0.23",
        "@types/react": "^17.0.43",
        "@types/react-dom": "^17.0.14",
        "@types/react-redux": "^7.1.24",
        "@types/react-transition-group": "^4.4.4",
        "@typescript-eslint/eslint-plugin": "^5.17.0",
        "@typescript-eslint/parser": "^5.17.0",
        "autoprefixer": "^10.4.5",
        "babel-loader": "^8.2.5",
        "chalk": "4.1.2",
        "clean-webpack-plugin": "^4.0.0",
        "copy-webpack-plugin": "^10.2.4",
        "cross-env": "^7.0.3",
        "css-loader": "^6.7.1",
        "eslint": "^8.12.0",
        "eslint-config-prettier": "^8.5.0",
        "eslint-import-resolver-typescript": "^2.7.0",
        "eslint-plugin-import": "^2.25.4",
        "eslint-plugin-jsx-a11y": "^6.5.1",
        "eslint-plugin-prettier": "^4.0.0",
        "eslint-plugin-react": "^7.29.4",
        "eslint-plugin-react-hooks": "^4.3.0",
        "eslint-webpack-plugin": "^3.1.1",
        "filemanager-webpack-plugin": "^6.1.7",
        "fork-ts-checker-webpack-plugin": "^7.2.1",
        "glob": "^8.0.1",
        "html-webpack-plugin": "^5.5.0",
        "husky": "^7.0.4",
        "less": "^4.1.2",
        "less-loader": "^10.2.0",
        "lint-staged": "^12.4.0",
        "mini-css-extract-plugin": "^2.6.0",
        "postcss": "^8.4.12",
        "postcss-loader": "^6.2.1",
        "prettier": "^2.6.1",
        "sass": "^1.49.9",
        "sass-loader": "^12.6.0",
        "source-map-loader": "^3.0.1",
        "tailwindcss": "^3.0.24",
        "ts-loader": "^9.2.8",
        "ts-node": "^10.7.0",
        "tslib": "^2.3.1",
        "typescript": "^4.6.3",
        "webpack": "^5.72.0",
        "webpack-cli": "^4.9.2",
        "webpack-dev-server": "^4.8.1",
        "webpack-merge": "^5.8.0"
      },
      "dependencies": {
        "@babel/runtime-corejs3": "^7.17.8",
        "@types/redux-logger": "^3.0.9",
        "@types/webpack-bundle-analyzer": "^4.4.1",
        "common": "^1.0.0",
        "core-js": "^3.21.1",
        "eslint-config-airbnb": "^19.0.4",
        "nanoid": "^3.3.2",
        "postcss-import": "^14.1.0",
        "react": "^17.0.2",
        "react-dom": "^17.0.2",
        "react-redux": "^7.2.6",
        "react-router": "^6.2.2",
        "react-router-dom": "^6.2.2",
        "react-transition-group": "^4.4.2",
        "redux": "^4.1.2",
        "redux-logger": "^3.0.6",
        "redux-saga": "^1.1.3",
        "redux-thunk": "^2.4.1",
        "reselect": "^4.1.5"
      },
      "lint-staged": {
        "packages/**/src/**/*.{ts,tsx,js,jsx}": [
          "eslint --fix"
        ]
      }
    },
    "prefix": "/Users/bytedance/Desktop/codes/webpack-learn"
  },
  "2 debug pnpm:package-manifest": {
    "initial": {
      "name": "@mono/common",
      "version": "1.0.0",
      "description": "",
      "main": "src/index.ts",
      "scripts": {
        "start": "cross-env NODE_ENV=development ts-node ../../build/src/scripts/index.ts",
        "build": "cross-env NODE_ENV=production ts-node ../../build/src/scripts/index.ts"
      },
      "author": "",
      "license": "ISC",
      "devDependencies": {
        "typescript": "^4.6.3",
        "webpack": "^5.72.0"
      }
    },
    "prefix": "/Users/bytedance/Desktop/codes/webpack-learn/libs/common"
  },
  "3 debug pnpm:package-manifest": {
    "initial": {
      "name": "@mono/client",
      "version": "1.0.0",
      "description": "",
      "main": "index.js",
      "private": true,
      "scripts": {
        "build": "cross-env NODE_ENV=production ts-node ../../build/src/scripts/index.ts",
        "build:work": "cross-env SF_ENV=work pnpm build",
        "build:test": "cross-env SF_ENV=test pnpm build",
        "start": "cross-env NODE_ENV=development  ts-node ../../build/src/scripts/index.ts",
        "start:work": "cross-env SF_ENV=work pnpm start",
        "webpack": "cross-env NODE_ENV=production webpack --config ../../build/src/config/index.ts"
      },
      "keywords": [
        "webpack-learn"
      ],
      "author": "chengmingwang",
      "license": "ISC",
      "lint-staged": {
        "src/**/*.{js,ts,jsx,tsx}": [
          "eslint --fix --cache"
        ]
      },
      "dependencies": {
        "@mono/common": "workspace:*",
        "nanoid": "^3.3.2",
        "react": "^17.0.2",
        "react-dom": "^17.0.2",
        "react-redux": "^7.2.6",
        "react-router-dom": "^6.2.2"
      }
    },
    "prefix": "/Users/bytedance/Desktop/codes/webpack-learn/packages/client"
  },
  "4 debug pnpm:context": {
    "currentLockfileExists": false,
    "storeDir": "/Users/bytedance/Library/pnpm/store/v3",
    "virtualStoreDir": "/Users/bytedance/Desktop/codes/webpack-learn/node_modules/.pnpm"
  },
  "5 debug pnpm:stage": {
    "prefix": "/Users/bytedance/Desktop/codes/webpack-learn",
    "stage": "resolution_started"
  },
  "6 debug pnpm:_dependency_resolved": {
    "resolution": "bnpm.byted.org/@babel/core/7.17.8",
    "wanted": {
      "dependentId": ".",
      "name": "@babel/core",
      "rawSpec": "^7.17.8"
    }
  },
  "7 debug pnpm:_dependency_resolved": {
    "resolution": "bnpm.byted.org/@babel/plugin-transform-runtime/7.17.10",
    "wanted": {
      "dependentId": ".",
      "name": "@babel/plugin-transform-runtime",
      "rawSpec": "^7.17.10"
    }
  },
  "8 debug pnpm:_dependency_resolved": {
    "resolution": "bnpm.byted.org/@babel/preset-env/7.17.10",
    "wanted": {
      "dependentId": ".",
      "name": "@babel/preset-env",
      "rawSpec": "^7.17.10"
    }
  },
  "9 debug pnpm:_dependency_resolved": {
    "resolution": "bnpm.byted.org/@babel/preset-react/7.16.7",
    "wanted": {
      "dependentId": ".",
      "name": "@babel/preset-react",
      "rawSpec": "^7.16.7"
    }
  },
  "10 debug pnpm:_dependency_resolved": {
    "resolution": "bnpm.byted.org/@babel/runtime-corejs3/7.17.9",
    "wanted": {
      "dependentId": ".",
      "name": "@babel/runtime-corejs3",
      "rawSpec": "^7.17.8"
    }
  },
  "11 debug pnpm:_dependency_resolved": {
    "resolution": "bnpm.byted.org/@commitlint/cli/16.2.3",
    "wanted": {
      "dependentId": ".",
      "name": "@commitlint/cli",
      "rawSpec": "^16.2.3"
    }
  },
  "12 debug pnpm:_dependency_resolved": {
    "resolution": "bnpm.byted.org/@commitlint/config-angular/16.2.3",
    "wanted": {
      "dependentId": ".",
      "name": "@commitlint/config-angular",
      "rawSpec": "^16.2.3"
    }
  },
  "13 debug pnpm:_dependency_resolved": {
    "resolution": "bnpm.byted.org/@types/glob/7.2.0",
    "wanted": {
      "dependentId": ".",
      "name": "@types/glob",
      "rawSpec": "^7.2.0"
    }
  },
  "14 debug pnpm:_dependency_resolved": {
    "resolution": "bnpm.byted.org/@types/node/17.0.26",
    "wanted": {
      "dependentId": ".",
      "name": "@types/node",
      "rawSpec": "^17.0.23"
    }
  },
  "15 debug pnpm:_dependency_resolved": {
    "resolution": "bnpm.byted.org/@types/react/17.0.43",
    "wanted": {
      "dependentId": ".",
      "name": "@types/react",
      "rawSpec": "^17.0.43"
    }
  },
  "16 debug pnpm:_dependency_resolved": {
    "resolution": "bnpm.byted.org/@types/react-dom/17.0.14",
    "wanted": {
      "dependentId": ".",
      "name": "@types/react-dom",
      "rawSpec": "^17.0.14"
    }
  },
  "17 debug pnpm:_dependency_resolved": {
    "resolution": "bnpm.byted.org/@types/react-redux/7.1.24",
    "wanted": {
      "dependentId": ".",
      "name": "@types/react-redux",
      "rawSpec": "^7.1.24"
    }
  },
  "18 debug pnpm:_dependency_resolved": {
    "resolution": "bnpm.byted.org/@types/react-transition-group/4.4.4",
    "wanted": {
      "dependentId": ".",
      "name": "@types/react-transition-group",
      "rawSpec": "^4.4.4"
    }
  },
  "19 debug pnpm:_dependency_resolved": {
    "resolution": "bnpm.byted.org/@typescript-eslint/eslint-plugin/5.17.0",
    "wanted": {
      "dependentId": ".",
      "name": "@typescript-eslint/eslint-plugin",
      "rawSpec": "^5.17.0"
    }
  },
  "20 debug pnpm:_dependency_resolved": {
    "resolution": "bnpm.byted.org/@typescript-eslint/parser/5.17.0",
    "wanted": {
      "dependentId": ".",
      "name": "@typescript-eslint/parser",
      "rawSpec": "^5.17.0"
    }
  },
  "21 debug pnpm:_dependency_resolved": {
    "resolution": "bnpm.byted.org/autoprefixer/10.4.5",
    "wanted": {
      "dependentId": ".",
      "name": "autoprefixer",
      "rawSpec": "^10.4.5"
    }
  },
  "22 debug pnpm:_dependency_resolved": {
    "resolution": "bnpm.byted.org/babel-loader/8.2.5",
    "wanted": {
      "dependentId": ".",
      "name": "babel-loader",
      "rawSpec": "^8.2.5"
    }
  },
  "23 debug pnpm:_dependency_resolved": {
    "resolution": "bnpm.byted.org/chalk/4.1.2",
    "wanted": {
      "dependentId": ".",
      "name": "chalk",
      "rawSpec": "4.1.2"
    }
  },
  "24 debug pnpm:_dependency_resolved": {
    "resolution": "bnpm.byted.org/clean-webpack-plugin/4.0.0",
    "wanted": {
      "dependentId": ".",
      "name": "clean-webpack-plugin",
      "rawSpec": "^4.0.0"
    }
  },
  "25 debug pnpm:_dependency_resolved": {
    "resolution": "bnpm.byted.org/copy-webpack-plugin/10.2.4",
    "wanted": {
      "dependentId": ".",
      "name": "copy-webpack-plugin",
      "rawSpec": "^10.2.4"
    }
  },
  "26 debug pnpm:_dependency_resolved": {
    "resolution": "bnpm.byted.org/cross-env/7.0.3",
    "wanted": {
      "dependentId": ".",
      "name": "cross-env",
      "rawSpec": "^7.0.3"
    }
  },
  "27 debug pnpm:_dependency_resolved": {
    "resolution": "bnpm.byted.org/css-loader/6.7.1",
    "wanted": {
      "dependentId": ".",
      "name": "css-loader",
      "rawSpec": "^6.7.1"
    }
  },
  "28 debug pnpm:_dependency_resolved": {
    "resolution": "bnpm.byted.org/eslint/8.12.0",
    "wanted": {
      "dependentId": ".",
      "name": "eslint",
      "rawSpec": "^8.12.0"
    }
  },
  "29 debug pnpm:_dependency_resolved": {
    "resolution": "bnpm.byted.org/eslint-config-prettier/8.5.0",
    "wanted": {
      "dependentId": ".",
      "name": "eslint-config-prettier",
      "rawSpec": "^8.5.0"
    }
  },
  "30 debug pnpm:_dependency_resolved": {
    "resolution": "bnpm.byted.org/eslint-import-resolver-typescript/2.7.0",
    "wanted": {
      "dependentId": ".",
      "name": "eslint-import-resolver-typescript",
      "rawSpec": "^2.7.0"
    }
  },
  "31 debug pnpm:_dependency_resolved": {
    "resolution": "bnpm.byted.org/eslint-plugin-import/2.25.4",
    "wanted": {
      "dependentId": ".",
      "name": "eslint-plugin-import",
      "rawSpec": "^2.25.4"
    }
  },
  "32 debug pnpm:_dependency_resolved": {
    "resolution": "bnpm.byted.org/eslint-plugin-jsx-a11y/6.5.1",
    "wanted": {
      "dependentId": ".",
      "name": "eslint-plugin-jsx-a11y",
      "rawSpec": "^6.5.1"
    }
  },
  "33 debug pnpm:_dependency_resolved": {
    "resolution": "bnpm.byted.org/eslint-plugin-prettier/4.0.0",
    "wanted": {
      "dependentId": ".",
      "name": "eslint-plugin-prettier",
      "rawSpec": "^4.0.0"
    }
  },
  "34 debug pnpm:_dependency_resolved": {
    "resolution": "bnpm.byted.org/eslint-plugin-react/7.29.4",
    "wanted": {
      "dependentId": ".",
      "name": "eslint-plugin-react",
      "rawSpec": "^7.29.4"
    }
  },
  "35 debug pnpm:_dependency_resolved": {
    "resolution": "bnpm.byted.org/eslint-plugin-react-hooks/4.3.0",
    "wanted": {
      "dependentId": ".",
      "name": "eslint-plugin-react-hooks",
      "rawSpec": "^4.3.0"
    }
  },
  "36 debug pnpm:_dependency_resolved": {
    "resolution": "bnpm.byted.org/eslint-webpack-plugin/3.1.1",
    "wanted": {
      "dependentId": ".",
      "name": "eslint-webpack-plugin",
      "rawSpec": "^3.1.1"
    }
  },
  "37 debug pnpm:_dependency_resolved": {
    "resolution": "bnpm.byted.org/filemanager-webpack-plugin/6.1.7",
    "wanted": {
      "dependentId": ".",
      "name": "filemanager-webpack-plugin",
      "rawSpec": "^6.1.7"
    }
  },
  "38 debug pnpm:_dependency_resolved": {
    "resolution": "bnpm.byted.org/fork-ts-checker-webpack-plugin/7.2.1",
    "wanted": {
      "dependentId": ".",
      "name": "fork-ts-checker-webpack-plugin",
      "rawSpec": "^7.2.1"
    }
  },
  "39 debug pnpm:_dependency_resolved": {
    "resolution": "bnpm.byted.org/glob/8.0.1",
    "wanted": {
      "dependentId": ".",
      "name": "glob",
      "rawSpec": "^8.0.1"
    }
  },
  "40 debug pnpm:_dependency_resolved": {
    "resolution": "bnpm.byted.org/html-webpack-plugin/5.5.0",
    "wanted": {
      "dependentId": ".",
      "name": "html-webpack-plugin",
      "rawSpec": "^5.5.0"
    }
  },
  "41 debug pnpm:_dependency_resolved": {
    "resolution": "bnpm.byted.org/husky/7.0.4",
    "wanted": {
      "dependentId": ".",
      "name": "husky",
      "rawSpec": "^7.0.4"
    }
  },
  "42 debug pnpm:_dependency_resolved": {
    "resolution": "bnpm.byted.org/less/4.1.2",
    "wanted": {
      "dependentId": ".",
      "name": "less",
      "rawSpec": "^4.1.2"
    }
  },
  "43 debug pnpm:_dependency_resolved": {
    "resolution": "bnpm.byted.org/less-loader/10.2.0",
    "wanted": {
      "dependentId": ".",
      "name": "less-loader",
      "rawSpec": "^10.2.0"
    }
  },
  "44 debug pnpm:_dependency_resolved": {
    "resolution": "bnpm.byted.org/lint-staged/12.4.0",
    "wanted": {
      "dependentId": ".",
      "name": "lint-staged",
      "rawSpec": "^12.4.0"
    }
  },
  "45 debug pnpm:_dependency_resolved": {
    "resolution": "bnpm.byted.org/mini-css-extract-plugin/2.6.0",
    "wanted": {
      "dependentId": ".",
      "name": "mini-css-extract-plugin",
      "rawSpec": "^2.6.0"
    }
  },
  "46 debug pnpm:_dependency_resolved": {
    "resolution": "bnpm.byted.org/postcss/8.4.12",
    "wanted": {
      "dependentId": ".",
      "name": "postcss",
      "rawSpec": "^8.4.12"
    }
  },
  "47 debug pnpm:_dependency_resolved": {
    "resolution": "bnpm.byted.org/postcss-loader/6.2.1",
    "wanted": {
      "dependentId": ".",
      "name": "postcss-loader",
      "rawSpec": "^6.2.1"
    }
  },
  "48 debug pnpm:_dependency_resolved": {
    "resolution": "bnpm.byted.org/prettier/2.6.1",
    "wanted": {
      "dependentId": ".",
      "name": "prettier",
      "rawSpec": "^2.6.1"
    }
  },
  "49 debug pnpm:_dependency_resolved": {
    "resolution": "bnpm.byted.org/sass/1.49.9",
    "wanted": {
      "dependentId": ".",
      "name": "sass",
      "rawSpec": "^1.49.9"
    }
  },
  "50 debug pnpm:_dependency_resolved": {
    "resolution": "bnpm.byted.org/sass-loader/12.6.0",
    "wanted": {
      "dependentId": ".",
      "name": "sass-loader",
      "rawSpec": "^12.6.0"
    }
  },
  "51 debug pnpm:_dependency_resolved": {
    "resolution": "bnpm.byted.org/source-map-loader/3.0.1",
    "wanted": {
      "dependentId": ".",
      "name": "source-map-loader",
      "rawSpec": "^3.0.1"
    }
  },
  "52 debug pnpm:_dependency_resolved": {
    "resolution": "bnpm.byted.org/tailwindcss/3.0.24",
    "wanted": {
      "dependentId": ".",
      "name": "tailwindcss",
      "rawSpec": "^3.0.24"
    }
  },
  "53 debug pnpm:_dependency_resolved": {
    "resolution": "bnpm.byted.org/ts-loader/9.2.8",
    "wanted": {
      "dependentId": ".",
      "name": "ts-loader",
      "rawSpec": "^9.2.8"
    }
  },
  "54 debug pnpm:_dependency_resolved": {
    "resolution": "bnpm.byted.org/ts-node/10.7.0",
    "wanted": {
      "dependentId": ".",
      "name": "ts-node",
      "rawSpec": "^10.7.0"
    }
  },
  "55 debug pnpm:_dependency_resolved": {
    "resolution": "bnpm.byted.org/tslib/2.3.1",
    "wanted": {
      "dependentId": ".",
      "name": "tslib",
      "rawSpec": "^2.3.1"
    }
  },
  "56 debug pnpm:_dependency_resolved": {
    "resolution": "bnpm.byted.org/typescript/4.6.3",
    "wanted": {
      "dependentId": ".",
      "name": "typescript",
      "rawSpec": "^4.6.3"
    }
  },
  "57 debug pnpm:_dependency_resolved": {
    "resolution": "bnpm.byted.org/webpack/5.72.0",
    "wanted": {
      "dependentId": ".",
      "name": "webpack",
      "rawSpec": "^5.72.0"
    }
  },
  "58 debug pnpm:_dependency_resolved": {
    "resolution": "bnpm.byted.org/webpack-cli/4.9.2",
    "wanted": {
      "dependentId": ".",
      "name": "webpack-cli",
      "rawSpec": "^4.9.2"
    }
  },
  "59 debug pnpm:_dependency_resolved": {
    "resolution": "bnpm.byted.org/webpack-dev-server/4.8.1",
    "wanted": {
      "dependentId": ".",
      "name": "webpack-dev-server",
      "rawSpec": "^4.8.1"
    }
  },
  "60 debug pnpm:_dependency_resolved": {
    "resolution": "bnpm.byted.org/webpack-merge/5.8.0",
    "wanted": {
      "dependentId": ".",
      "name": "webpack-merge",
      "rawSpec": "^5.8.0"
    }
  },
  "61 debug pnpm:_dependency_resolved": {
    "resolution": "bnpm.byted.org/@types/redux-logger/3.0.9",
    "wanted": {
      "dependentId": ".",
      "name": "@types/redux-logger",
      "rawSpec": "^3.0.9"
    }
  },
  "62 debug pnpm:_dependency_resolved": {
    "resolution": "bnpm.byted.org/@types/webpack-bundle-analyzer/4.4.1",
    "wanted": {
      "dependentId": ".",
      "name": "@types/webpack-bundle-analyzer",
      "rawSpec": "^4.4.1"
    }
  },
  "63 debug pnpm:_dependency_resolved": {
    "resolution": "bnpm.byted.org/core-js/3.21.1",
    "wanted": {
      "dependentId": ".",
      "name": "core-js",
      "rawSpec": "^3.21.1"
    }
  },
  "64 debug pnpm:_dependency_resolved": {
    "resolution": "bnpm.byted.org/eslint-config-airbnb/19.0.4",
    "wanted": {
      "dependentId": ".",
      "name": "eslint-config-airbnb",
      "rawSpec": "^19.0.4"
    }
  },
  "65 debug pnpm:_dependency_resolved": {
    "resolution": "bnpm.byted.org/nanoid/3.3.2",
    "wanted": {
      "dependentId": ".",
      "name": "nanoid",
      "rawSpec": "^3.3.2"
    }
  },
  "66 debug pnpm:_dependency_resolved": {
    "resolution": "bnpm.byted.org/postcss-import/14.1.0",
    "wanted": {
      "dependentId": ".",
      "name": "postcss-import",
      "rawSpec": "^14.1.0"
    }
  },
  "67 debug pnpm:_dependency_resolved": {
    "resolution": "bnpm.byted.org/react/17.0.2",
    "wanted": {
      "dependentId": ".",
      "name": "react",
      "rawSpec": "^17.0.2"
    }
  },
  "68 debug pnpm:_dependency_resolved": {
    "resolution": "bnpm.byted.org/react-dom/17.0.2",
    "wanted": {
      "dependentId": ".",
      "name": "react-dom",
      "rawSpec": "^17.0.2"
    }
  },
  "69 debug pnpm:_dependency_resolved": {
    "resolution": "bnpm.byted.org/react-redux/7.2.6",
    "wanted": {
      "dependentId": ".",
      "name": "react-redux",
      "rawSpec": "^7.2.6"
    }
  },
  "70 debug pnpm:_dependency_resolved": {
    "resolution": "bnpm.byted.org/react-router/6.2.2",
    "wanted": {
      "dependentId": ".",
      "name": "react-router",
      "rawSpec": "^6.2.2"
    }
  },
  "71 debug pnpm:_dependency_resolved": {
    "resolution": "bnpm.byted.org/react-router-dom/6.2.2",
    "wanted": {
      "dependentId": ".",
      "name": "react-router-dom",
      "rawSpec": "^6.2.2"
    }
  },
  "72 debug pnpm:_dependency_resolved": {
    "resolution": "bnpm.byted.org/react-transition-group/4.4.2",
    "wanted": {
      "dependentId": ".",
      "name": "react-transition-group",
      "rawSpec": "^4.4.2"
    }
  },
  "73 debug pnpm:_dependency_resolved": {
    "resolution": "bnpm.byted.org/redux/4.2.0",
    "wanted": {
      "dependentId": ".",
      "name": "redux",
      "rawSpec": "^4.1.2"
    }
  },
  "74 debug pnpm:_dependency_resolved": {
    "resolution": "bnpm.byted.org/redux-logger/3.0.6",
    "wanted": {
      "dependentId": ".",
      "name": "redux-logger",
      "rawSpec": "^3.0.6"
    }
  },
  "75 debug pnpm:_dependency_resolved": {
    "resolution": "bnpm.byted.org/redux-saga/1.1.3",
    "wanted": {
      "dependentId": ".",
      "name": "redux-saga",
      "rawSpec": "^1.1.3"
    }
  },
  "76 debug pnpm:_dependency_resolved": {
    "resolution": "bnpm.byted.org/redux-thunk/2.4.1",
    "wanted": {
      "dependentId": ".",
      "name": "redux-thunk",
      "rawSpec": "^2.4.1"
    }
  },
  "77 debug pnpm:_dependency_resolved": {
    "resolution": "bnpm.byted.org/reselect/4.1.5",
    "wanted": {
      "dependentId": ".",
      "name": "reselect",
      "rawSpec": "^4.1.5"
    }
  },
  "78 debug pnpm:_dependency_resolved": {
    "resolution": "link:../../libs/common",
    "wanted": {
      "dependentId": "packages/client",
      "name": "@mono/common",
      "rawSpec": "workspace:*"
    }
  },
  "79 debug pnpm:progress": {
    "packageId": "bnpm.byted.org/@babel/preset-react/7.16.7",
    "requester": "/Users/bytedance/Desktop/codes/webpack-learn",
    "status": "found_in_store"
  },
  "80 debug pnpm:progress": {
    "packageId": "bnpm.byted.org/@babel/preset-react/7.16.7",
    "requester": "/Users/bytedance/Desktop/codes/webpack-learn",
    "status": "resolved"
  },
  "81 debug pnpm:progress": {
    "packageId": "bnpm.byted.org/@babel/plugin-transform-runtime/7.17.10",
    "requester": "/Users/bytedance/Desktop/codes/webpack-learn",
    "status": "found_in_store"
  },
  "82 debug pnpm:progress": {
    "packageId": "bnpm.byted.org/@babel/plugin-transform-runtime/7.17.10",
    "requester": "/Users/bytedance/Desktop/codes/webpack-learn",
    "status": "resolved"
  },
  "83 debug pnpm:progress": {
    "packageId": "bnpm.byted.org/@babel/core/7.17.8",
    "requester": "/Users/bytedance/Desktop/codes/webpack-learn",
    "status": "found_in_store"
  },
  "84 debug pnpm:progress": {
    "packageId": "bnpm.byted.org/@babel/core/7.17.8",
    "requester": "/Users/bytedance/Desktop/codes/webpack-learn",
    "status": "resolved"
  },
  "85 debug pnpm:progress": {
    "packageId": "bnpm.byted.org/@commitlint/cli/16.2.3",
    "requester": "/Users/bytedance/Desktop/codes/webpack-learn",
    "status": "found_in_store"
  },
  "86 debug pnpm:progress": {
    "packageId": "bnpm.byted.org/@commitlint/cli/16.2.3",
    "requester": "/Users/bytedance/Desktop/codes/webpack-learn",
    "status": "resolved"
  },
  "87 debug pnpm:progress": {
    "packageId": "bnpm.byted.org/@commitlint/config-angular/16.2.3",
    "requester": "/Users/bytedance/Desktop/codes/webpack-learn",
    "status": "found_in_store"
  },
  "88 debug pnpm:progress": {
    "packageId": "bnpm.byted.org/@commitlint/config-angular/16.2.3",
    "requester": "/Users/bytedance/Desktop/codes/webpack-learn",
    "status": "resolved"
  },
  "89 debug pnpm:progress": {
    "packageId": "bnpm.byted.org/@types/glob/7.2.0",
    "requester": "/Users/bytedance/Desktop/codes/webpack-learn",
    "status": "found_in_store"
  },
  "90 debug pnpm:progress": {
    "packageId": "bnpm.byted.org/@types/glob/7.2.0",
    "requester": "/Users/bytedance/Desktop/codes/webpack-learn",
    "status": "resolved"
  },
  "91 debug pnpm:progress": {
    "packageId": "bnpm.byted.org/@babel/runtime-corejs3/7.17.9",
    "requester": "/Users/bytedance/Desktop/codes/webpack-learn",
    "status": "found_in_store"
  },
  "92 debug pnpm:progress": {
    "packageId": "bnpm.byted.org/@babel/runtime-corejs3/7.17.9",
    "requester": "/Users/bytedance/Desktop/codes/webpack-learn",
    "status": "resolved"
  },
  "93 debug pnpm:progress": {
    "packageId": "bnpm.byted.org/@types/node/17.0.26",
    "requester": "/Users/bytedance/Desktop/codes/webpack-learn",
    "status": "found_in_store"
  },
  "94 debug pnpm:progress": {
    "packageId": "bnpm.byted.org/@types/node/17.0.26",
    "requester": "/Users/bytedance/Desktop/codes/webpack-learn",
    "status": "resolved"
  },
  "95 debug pnpm:progress": {
    "packageId": "bnpm.byted.org/@types/react-dom/17.0.14",
    "requester": "/Users/bytedance/Desktop/codes/webpack-learn",
    "status": "found_in_store"
  },
  "96 debug pnpm:progress": {
    "packageId": "bnpm.byted.org/@types/react-dom/17.0.14",
    "requester": "/Users/bytedance/Desktop/codes/webpack-learn",
    "status": "resolved"
  },
  "97 debug pnpm:progress": {
    "packageId": "bnpm.byted.org/@types/react/17.0.43",
    "requester": "/Users/bytedance/Desktop/codes/webpack-learn",
    "status": "found_in_store"
  },
  "98 debug pnpm:progress": {
    "packageId": "bnpm.byted.org/@types/react/17.0.43",
    "requester": "/Users/bytedance/Desktop/codes/webpack-learn",
    "status": "resolved"
  },
  "99 debug pnpm:progress": {
    "packageId": "bnpm.byted.org/@types/react-transition-group/4.4.4",
    "requester": "/Users/bytedance/Desktop/codes/webpack-learn",
    "status": "found_in_store"
  },
  "100 debug pnpm:progress": {
    "packageId": "bnpm.byted.org/@types/react-transition-group/4.4.4",
    "requester": "/Users/bytedance/Desktop/codes/webpack-learn",
    "status": "resolved"
  },
  "101 debug pnpm:progress": {
    "packageId": "bnpm.byted.org/@typescript-eslint/parser/5.17.0",
    "requester": "/Users/bytedance/Desktop/codes/webpack-learn",
    "status": "found_in_store"
  },
  "102 debug pnpm:progress": {
    "packageId": "bnpm.byted.org/@typescript-eslint/parser/5.17.0",
    "requester": "/Users/bytedance/Desktop/codes/webpack-learn",
    "status": "resolved"
  },
  "103 debug pnpm:progress": {
    "packageId": "bnpm.byted.org/@typescript-eslint/eslint-plugin/5.17.0",
    "requester": "/Users/bytedance/Desktop/codes/webpack-learn",
    "status": "found_in_store"
  },
  "104 debug pnpm:progress": {
    "packageId": "bnpm.byted.org/@typescript-eslint/eslint-plugin/5.17.0",
    "requester": "/Users/bytedance/Desktop/codes/webpack-learn",
    "status": "resolved"
  },
  "105 debug pnpm:progress": {
    "packageId": "bnpm.byted.org/babel-loader/8.2.5",
    "requester": "/Users/bytedance/Desktop/codes/webpack-learn",
    "status": "found_in_store"
  },
  "106 debug pnpm:progress": {
    "packageId": "bnpm.byted.org/babel-loader/8.2.5",
    "requester": "/Users/bytedance/Desktop/codes/webpack-learn",
    "status": "resolved"
  },
  "107 debug pnpm:progress": {
    "packageId": "bnpm.byted.org/autoprefixer/10.4.5",
    "requester": "/Users/bytedance/Desktop/codes/webpack-learn",
    "status": "found_in_store"
  },
  "108 debug pnpm:progress": {
    "packageId": "bnpm.byted.org/autoprefixer/10.4.5",
    "requester": "/Users/bytedance/Desktop/codes/webpack-learn",
    "status": "resolved"
  },
  "109 debug pnpm:progress": {
    "packageId": "bnpm.byted.org/clean-webpack-plugin/4.0.0",
    "requester": "/Users/bytedance/Desktop/codes/webpack-learn",
    "status": "found_in_store"
  },
  "110 debug pnpm:progress": {
    "packageId": "bnpm.byted.org/clean-webpack-plugin/4.0.0",
    "requester": "/Users/bytedance/Desktop/codes/webpack-learn",
    "status": "resolved"
  },
  "111 debug pnpm:progress": {
    "packageId": "bnpm.byted.org/chalk/4.1.2",
    "requester": "/Users/bytedance/Desktop/codes/webpack-learn",
    "status": "found_in_store"
  },
  "112 debug pnpm:progress": {
    "packageId": "bnpm.byted.org/chalk/4.1.2",
    "requester": "/Users/bytedance/Desktop/codes/webpack-learn",
    "status": "resolved"
  },
  "113 debug pnpm:progress": {
    "packageId": "bnpm.byted.org/cross-env/7.0.3",
    "requester": "/Users/bytedance/Desktop/codes/webpack-learn",
    "status": "found_in_store"
  },
  "114 debug pnpm:progress": {
    "packageId": "bnpm.byted.org/cross-env/7.0.3",
    "requester": "/Users/bytedance/Desktop/codes/webpack-learn",
    "status": "resolved"
  },
  "115 debug pnpm:progress": {
    "packageId": "bnpm.byted.org/copy-webpack-plugin/10.2.4",
    "requester": "/Users/bytedance/Desktop/codes/webpack-learn",
    "status": "found_in_store"
  },
  "116 debug pnpm:progress": {
    "packageId": "bnpm.byted.org/copy-webpack-plugin/10.2.4",
    "requester": "/Users/bytedance/Desktop/codes/webpack-learn",
    "status": "resolved"
  },
  "117 debug pnpm:progress": {
    "packageId": "bnpm.byted.org/css-loader/6.7.1",
    "requester": "/Users/bytedance/Desktop/codes/webpack-learn",
    "status": "found_in_store"
  },
  "118 debug pnpm:progress": {
    "packageId": "bnpm.byted.org/css-loader/6.7.1",
    "requester": "/Users/bytedance/Desktop/codes/webpack-learn",
    "status": "resolved"
  },
  "119 debug pnpm:progress": {
    "packageId": "bnpm.byted.org/@types/react-redux/7.1.24",
    "requester": "/Users/bytedance/Desktop/codes/webpack-learn",
    "status": "found_in_store"
  },
  "120 debug pnpm:progress": {
    "packageId": "bnpm.byted.org/@types/react-redux/7.1.24",
    "requester": "/Users/bytedance/Desktop/codes/webpack-learn",
    "status": "resolved"
  },
  "121 debug pnpm:progress": {
    "packageId": "bnpm.byted.org/eslint/8.12.0",
    "requester": "/Users/bytedance/Desktop/codes/webpack-learn",
    "status": "found_in_store"
  },
  "122 debug pnpm:progress": {
    "packageId": "bnpm.byted.org/eslint/8.12.0",
    "requester": "/Users/bytedance/Desktop/codes/webpack-learn",
    "status": "resolved"
  },
  "123 debug pnpm:progress": {
    "packageId": "bnpm.byted.org/eslint-config-prettier/8.5.0",
    "requester": "/Users/bytedance/Desktop/codes/webpack-learn",
    "status": "found_in_store"
  },
  "124 debug pnpm:progress": {
    "packageId": "bnpm.byted.org/eslint-config-prettier/8.5.0",
    "requester": "/Users/bytedance/Desktop/codes/webpack-learn",
    "status": "resolved"
  },
  "125 debug pnpm:progress": {
    "packageId": "bnpm.byted.org/eslint-plugin-import/2.25.4",
    "requester": "/Users/bytedance/Desktop/codes/webpack-learn",
    "status": "found_in_store"
  },
  "126 debug pnpm:progress": {
    "packageId": "bnpm.byted.org/eslint-plugin-import/2.25.4",
    "requester": "/Users/bytedance/Desktop/codes/webpack-learn",
    "status": "resolved"
  },
  "127 debug pnpm:progress": {
    "packageId": "bnpm.byted.org/eslint-import-resolver-typescript/2.7.0",
    "requester": "/Users/bytedance/Desktop/codes/webpack-learn",
    "status": "found_in_store"
  },
  "128 debug pnpm:progress": {
    "packageId": "bnpm.byted.org/eslint-import-resolver-typescript/2.7.0",
    "requester": "/Users/bytedance/Desktop/codes/webpack-learn",
    "status": "resolved"
  },
  "129 debug pnpm:progress": {
    "packageId": "bnpm.byted.org/eslint-plugin-prettier/4.0.0",
    "requester": "/Users/bytedance/Desktop/codes/webpack-learn",
    "status": "found_in_store"
  },
  "130 debug pnpm:progress": {
    "packageId": "bnpm.byted.org/eslint-plugin-prettier/4.0.0",
    "requester": "/Users/bytedance/Desktop/codes/webpack-learn",
    "status": "resolved"
  },
  "131 debug pnpm:progress": {
    "packageId": "bnpm.byted.org/eslint-plugin-jsx-a11y/6.5.1",
    "requester": "/Users/bytedance/Desktop/codes/webpack-learn",
    "status": "found_in_store"
  },
  "132 debug pnpm:progress": {
    "packageId": "bnpm.byted.org/eslint-plugin-jsx-a11y/6.5.1",
    "requester": "/Users/bytedance/Desktop/codes/webpack-learn",
    "status": "resolved"
  },
  "133 debug pnpm:progress": {
    "packageId": "bnpm.byted.org/eslint-plugin-react/7.29.4",
    "requester": "/Users/bytedance/Desktop/codes/webpack-learn",
    "status": "found_in_store"
  },
  "134 debug pnpm:progress": {
    "packageId": "bnpm.byted.org/eslint-plugin-react/7.29.4",
    "requester": "/Users/bytedance/Desktop/codes/webpack-learn",
    "status": "resolved"
  },
  "135 debug pnpm:progress": {
    "packageId": "bnpm.byted.org/eslint-plugin-react-hooks/4.3.0",
    "requester": "/Users/bytedance/Desktop/codes/webpack-learn",
    "status": "found_in_store"
  },
  "136 debug pnpm:progress": {
    "packageId": "bnpm.byted.org/eslint-plugin-react-hooks/4.3.0",
    "requester": "/Users/bytedance/Desktop/codes/webpack-learn",
    "status": "resolved"
  },
  "137 debug pnpm:progress": {
    "packageId": "bnpm.byted.org/eslint-webpack-plugin/3.1.1",
    "requester": "/Users/bytedance/Desktop/codes/webpack-learn",
    "status": "found_in_store"
  },
  "138 debug pnpm:progress": {
    "packageId": "bnpm.byted.org/eslint-webpack-plugin/3.1.1",
    "requester": "/Users/bytedance/Desktop/codes/webpack-learn",
    "status": "resolved"
  },
  "139 debug pnpm:progress": {
    "packageId": "bnpm.byted.org/filemanager-webpack-plugin/6.1.7",
    "requester": "/Users/bytedance/Desktop/codes/webpack-learn",
    "status": "found_in_store"
  },
  "140 debug pnpm:progress": {
    "packageId": "bnpm.byted.org/filemanager-webpack-plugin/6.1.7",
    "requester": "/Users/bytedance/Desktop/codes/webpack-learn",
    "status": "resolved"
  },
  "141 debug pnpm:progress": {
    "packageId": "bnpm.byted.org/fork-ts-checker-webpack-plugin/7.2.1",
    "requester": "/Users/bytedance/Desktop/codes/webpack-learn",
    "status": "found_in_store"
  },
  "142 debug pnpm:progress": {
    "packageId": "bnpm.byted.org/fork-ts-checker-webpack-plugin/7.2.1",
    "requester": "/Users/bytedance/Desktop/codes/webpack-learn",
    "status": "resolved"
  },
  "143 debug pnpm:progress": {
    "packageId": "bnpm.byted.org/glob/8.0.1",
    "requester": "/Users/bytedance/Desktop/codes/webpack-learn",
    "status": "found_in_store"
  },
  "144 debug pnpm:progress": {
    "packageId": "bnpm.byted.org/glob/8.0.1",
    "requester": "/Users/bytedance/Desktop/codes/webpack-learn",
    "status": "resolved"
  },
  "145 debug pnpm:progress": {
    "packageId": "bnpm.byted.org/html-webpack-plugin/5.5.0",
    "requester": "/Users/bytedance/Desktop/codes/webpack-learn",
    "status": "found_in_store"
  },
  "146 debug pnpm:progress": {
    "packageId": "bnpm.byted.org/html-webpack-plugin/5.5.0",
    "requester": "/Users/bytedance/Desktop/codes/webpack-learn",
    "status": "resolved"
  },
  "147 debug pnpm:progress": {
    "packageId": "bnpm.byted.org/husky/7.0.4",
    "requester": "/Users/bytedance/Desktop/codes/webpack-learn",
    "status": "found_in_store"
  },
  "148 debug pnpm:progress": {
    "packageId": "bnpm.byted.org/husky/7.0.4",
    "requester": "/Users/bytedance/Desktop/codes/webpack-learn",
    "status": "resolved"
  },
  "149 debug pnpm:progress": {
    "packageId": "bnpm.byted.org/less-loader/10.2.0",
    "requester": "/Users/bytedance/Desktop/codes/webpack-learn",
    "status": "found_in_store"
  },
  "150 debug pnpm:progress": {
    "packageId": "bnpm.byted.org/less-loader/10.2.0",
    "requester": "/Users/bytedance/Desktop/codes/webpack-learn",
    "status": "resolved"
  },
  "151 debug pnpm:progress": {
    "packageId": "bnpm.byted.org/mini-css-extract-plugin/2.6.0",
    "requester": "/Users/bytedance/Desktop/codes/webpack-learn",
    "status": "found_in_store"
  },
  "152 debug pnpm:progress": {
    "packageId": "bnpm.byted.org/mini-css-extract-plugin/2.6.0",
    "requester": "/Users/bytedance/Desktop/codes/webpack-learn",
    "status": "resolved"
  },
  "153 debug pnpm:progress": {
    "packageId": "bnpm.byted.org/less/4.1.2",
    "requester": "/Users/bytedance/Desktop/codes/webpack-learn",
    "status": "found_in_store"
  },
  "154 debug pnpm:progress": {
    "packageId": "bnpm.byted.org/less/4.1.2",
    "requester": "/Users/bytedance/Desktop/codes/webpack-learn",
    "status": "resolved"
  },
  "155 debug pnpm:progress": {
    "packageId": "bnpm.byted.org/lint-staged/12.4.0",
    "requester": "/Users/bytedance/Desktop/codes/webpack-learn",
    "status": "found_in_store"
  },
  "156 debug pnpm:progress": {
    "packageId": "bnpm.byted.org/lint-staged/12.4.0",
    "requester": "/Users/bytedance/Desktop/codes/webpack-learn",
    "status": "resolved"
  },
  "157 debug pnpm:progress": {
    "packageId": "bnpm.byted.org/postcss-loader/6.2.1",
    "requester": "/Users/bytedance/Desktop/codes/webpack-learn",
    "status": "found_in_store"
  },
  "158 debug pnpm:progress": {
    "packageId": "bnpm.byted.org/postcss-loader/6.2.1",
    "requester": "/Users/bytedance/Desktop/codes/webpack-learn",
    "status": "resolved"
  },
  "159 debug pnpm:progress": {
    "packageId": "bnpm.byted.org/prettier/2.6.1",
    "requester": "/Users/bytedance/Desktop/codes/webpack-learn",
    "status": "found_in_store"
  },
  "160 debug pnpm:progress": {
    "packageId": "bnpm.byted.org/prettier/2.6.1",
    "requester": "/Users/bytedance/Desktop/codes/webpack-learn",
    "status": "resolved"
  },
  "161 debug pnpm:progress": {
    "packageId": "bnpm.byted.org/sass-loader/12.6.0",
    "requester": "/Users/bytedance/Desktop/codes/webpack-learn",
    "status": "found_in_store"
  },
  "162 debug pnpm:progress": {
    "packageId": "bnpm.byted.org/sass-loader/12.6.0",
    "requester": "/Users/bytedance/Desktop/codes/webpack-learn",
    "status": "resolved"
  },
  "163 debug pnpm:progress": {
    "packageId": "bnpm.byted.org/postcss/8.4.12",
    "requester": "/Users/bytedance/Desktop/codes/webpack-learn",
    "status": "found_in_store"
  },
  "164 debug pnpm:progress": {
    "packageId": "bnpm.byted.org/postcss/8.4.12",
    "requester": "/Users/bytedance/Desktop/codes/webpack-learn",
    "status": "resolved"
  },
  "165 debug pnpm:progress": {
    "packageId": "bnpm.byted.org/sass/1.49.9",
    "requester": "/Users/bytedance/Desktop/codes/webpack-learn",
    "status": "found_in_store"
  },
  "166 debug pnpm:progress": {
    "packageId": "bnpm.byted.org/sass/1.49.9",
    "requester": "/Users/bytedance/Desktop/codes/webpack-learn",
    "status": "resolved"
  },
  "167 debug pnpm:progress": {
    "packageId": "bnpm.byted.org/source-map-loader/3.0.1",
    "requester": "/Users/bytedance/Desktop/codes/webpack-learn",
    "status": "found_in_store"
  },
  "168 debug pnpm:progress": {
    "packageId": "bnpm.byted.org/source-map-loader/3.0.1",
    "requester": "/Users/bytedance/Desktop/codes/webpack-learn",
    "status": "resolved"
  },
  "169 debug pnpm:progress": {
    "packageId": "bnpm.byted.org/ts-loader/9.2.8",
    "requester": "/Users/bytedance/Desktop/codes/webpack-learn",
    "status": "found_in_store"
  },
  "170 debug pnpm:progress": {
    "packageId": "bnpm.byted.org/ts-loader/9.2.8",
    "requester": "/Users/bytedance/Desktop/codes/webpack-learn",
    "status": "resolved"
  },
  "171 debug pnpm:progress": {
    "packageId": "bnpm.byted.org/tslib/2.3.1",
    "requester": "/Users/bytedance/Desktop/codes/webpack-learn",
    "status": "found_in_store"
  },
  "172 debug pnpm:progress": {
    "packageId": "bnpm.byted.org/tslib/2.3.1",
    "requester": "/Users/bytedance/Desktop/codes/webpack-learn",
    "status": "resolved"
  },
  "173 debug pnpm:progress": {
    "packageId": "bnpm.byted.org/ts-node/10.7.0",
    "requester": "/Users/bytedance/Desktop/codes/webpack-learn",
    "status": "found_in_store"
  },
  "174 debug pnpm:progress": {
    "packageId": "bnpm.byted.org/ts-node/10.7.0",
    "requester": "/Users/bytedance/Desktop/codes/webpack-learn",
    "status": "resolved"
  },
  "175 debug pnpm:progress": {
    "packageId": "bnpm.byted.org/tailwindcss/3.0.24",
    "requester": "/Users/bytedance/Desktop/codes/webpack-learn",
    "status": "found_in_store"
  },
  "176 debug pnpm:progress": {
    "packageId": "bnpm.byted.org/tailwindcss/3.0.24",
    "requester": "/Users/bytedance/Desktop/codes/webpack-learn",
    "status": "resolved"
  },
  "177 debug pnpm:progress": {
    "packageId": "bnpm.byted.org/webpack-dev-server/4.8.1",
    "requester": "/Users/bytedance/Desktop/codes/webpack-learn",
    "status": "found_in_store"
  },
  "178 debug pnpm:progress": {
    "packageId": "bnpm.byted.org/webpack-dev-server/4.8.1",
    "requester": "/Users/bytedance/Desktop/codes/webpack-learn",
    "status": "resolved"
  },
  "179 debug pnpm:progress": {
    "packageId": "bnpm.byted.org/typescript/4.6.3",
    "requester": "/Users/bytedance/Desktop/codes/webpack-learn",
    "status": "found_in_store"
  },
  "180 debug pnpm:progress": {
    "packageId": "bnpm.byted.org/typescript/4.6.3",
    "requester": "/Users/bytedance/Desktop/codes/webpack-learn",
    "status": "resolved"
  },
  "181 debug pnpm:progress": {
    "packageId": "bnpm.byted.org/webpack/5.72.0",
    "requester": "/Users/bytedance/Desktop/codes/webpack-learn",
    "status": "found_in_store"
  },
  "182 debug pnpm:progress": {
    "packageId": "bnpm.byted.org/webpack/5.72.0",
    "requester": "/Users/bytedance/Desktop/codes/webpack-learn",
    "status": "resolved"
  },
  "183 debug pnpm:progress": {
    "packageId": "bnpm.byted.org/@types/webpack-bundle-analyzer/4.4.1",
    "requester": "/Users/bytedance/Desktop/codes/webpack-learn",
    "status": "found_in_store"
  },
  "184 debug pnpm:progress": {
    "packageId": "bnpm.byted.org/@types/webpack-bundle-analyzer/4.4.1",
    "requester": "/Users/bytedance/Desktop/codes/webpack-learn",
    "status": "resolved"
  },
  "185 debug pnpm:progress": {
    "packageId": "bnpm.byted.org/webpack-merge/5.8.0",
    "requester": "/Users/bytedance/Desktop/codes/webpack-learn",
    "status": "found_in_store"
  },
  "186 debug pnpm:progress": {
    "packageId": "bnpm.byted.org/webpack-merge/5.8.0",
    "requester": "/Users/bytedance/Desktop/codes/webpack-learn",
    "status": "resolved"
  },
  "187 debug pnpm:progress": {
    "packageId": "bnpm.byted.org/@types/redux-logger/3.0.9",
    "requester": "/Users/bytedance/Desktop/codes/webpack-learn",
    "status": "found_in_store"
  },
  "188 debug pnpm:progress": {
    "packageId": "bnpm.byted.org/@types/redux-logger/3.0.9",
    "requester": "/Users/bytedance/Desktop/codes/webpack-learn",
    "status": "resolved"
  },
  "189 debug pnpm:progress": {
    "packageId": "bnpm.byted.org/eslint-config-airbnb/19.0.4",
    "requester": "/Users/bytedance/Desktop/codes/webpack-learn",
    "status": "found_in_store"
  },
  "190 debug pnpm:progress": {
    "packageId": "bnpm.byted.org/eslint-config-airbnb/19.0.4",
    "requester": "/Users/bytedance/Desktop/codes/webpack-learn",
    "status": "resolved"
  },
  "191 debug pnpm:progress": {
    "packageId": "bnpm.byted.org/webpack-cli/4.9.2",
    "requester": "/Users/bytedance/Desktop/codes/webpack-learn",
    "status": "found_in_store"
  },
  "192 debug pnpm:progress": {
    "packageId": "bnpm.byted.org/webpack-cli/4.9.2",
    "requester": "/Users/bytedance/Desktop/codes/webpack-learn",
    "status": "resolved"
  },
  "193 debug pnpm:progress": {
    "packageId": "bnpm.byted.org/postcss-import/14.1.0",
    "requester": "/Users/bytedance/Desktop/codes/webpack-learn",
    "status": "found_in_store"
  },
  "194 debug pnpm:progress": {
    "packageId": "bnpm.byted.org/postcss-import/14.1.0",
    "requester": "/Users/bytedance/Desktop/codes/webpack-learn",
    "status": "resolved"
  },
  "195 debug pnpm:progress": {
    "packageId": "bnpm.byted.org/nanoid/3.3.2",
    "requester": "/Users/bytedance/Desktop/codes/webpack-learn",
    "status": "found_in_store"
  },
  "196 debug pnpm:progress": {
    "packageId": "bnpm.byted.org/nanoid/3.3.2",
    "requester": "/Users/bytedance/Desktop/codes/webpack-learn",
    "status": "resolved"
  },
  "197 debug pnpm:progress": {
    "packageId": "bnpm.byted.org/react/17.0.2",
    "requester": "/Users/bytedance/Desktop/codes/webpack-learn",
    "status": "found_in_store"
  },
  "198 debug pnpm:progress": {
    "packageId": "bnpm.byted.org/react/17.0.2",
    "requester": "/Users/bytedance/Desktop/codes/webpack-learn",
    "status": "resolved"
  },
  "199 debug pnpm:progress": {
    "packageId": "bnpm.byted.org/react-dom/17.0.2",
    "requester": "/Users/bytedance/Desktop/codes/webpack-learn",
    "status": "found_in_store"
  },
  "200 debug pnpm:progress": {
    "packageId": "bnpm.byted.org/react-dom/17.0.2",
    "requester": "/Users/bytedance/Desktop/codes/webpack-learn",
    "status": "resolved"
  },
  "201 debug pnpm:progress": {
    "packageId": "bnpm.byted.org/react-redux/7.2.6",
    "requester": "/Users/bytedance/Desktop/codes/webpack-learn",
    "status": "found_in_store"
  },
  "202 debug pnpm:progress": {
    "packageId": "bnpm.byted.org/react-redux/7.2.6",
    "requester": "/Users/bytedance/Desktop/codes/webpack-learn",
    "status": "resolved"
  },
  "203 debug pnpm:progress": {
    "packageId": "bnpm.byted.org/react-router-dom/6.2.2",
    "requester": "/Users/bytedance/Desktop/codes/webpack-learn",
    "status": "found_in_store"
  },
  "204 debug pnpm:progress": {
    "packageId": "bnpm.byted.org/react-router-dom/6.2.2",
    "requester": "/Users/bytedance/Desktop/codes/webpack-learn",
    "status": "resolved"
  },
  "205 debug pnpm:progress": {
    "packageId": "bnpm.byted.org/react-transition-group/4.4.2",
    "requester": "/Users/bytedance/Desktop/codes/webpack-learn",
    "status": "found_in_store"
  },
  "206 debug pnpm:progress": {
    "packageId": "bnpm.byted.org/react-transition-group/4.4.2",
    "requester": "/Users/bytedance/Desktop/codes/webpack-learn",
    "status": "resolved"
  },
  "207 debug pnpm:progress": {
    "packageId": "bnpm.byted.org/react-router/6.2.2",
    "requester": "/Users/bytedance/Desktop/codes/webpack-learn",
    "status": "found_in_store"
  },
  "208 debug pnpm:progress": {
    "packageId": "bnpm.byted.org/react-router/6.2.2",
    "requester": "/Users/bytedance/Desktop/codes/webpack-learn",
    "status": "resolved"
  },
  "209 debug pnpm:progress": {
    "packageId": "bnpm.byted.org/redux/4.2.0",
    "requester": "/Users/bytedance/Desktop/codes/webpack-learn",
    "status": "found_in_store"
  },
  "210 debug pnpm:progress": {
    "packageId": "bnpm.byted.org/redux/4.2.0",
    "requester": "/Users/bytedance/Desktop/codes/webpack-learn",
    "status": "resolved"
  },
  "211 debug pnpm:progress": {
    "packageId": "bnpm.byted.org/redux-saga/1.1.3",
    "requester": "/Users/bytedance/Desktop/codes/webpack-learn",
    "status": "found_in_store"
  },
  "212 debug pnpm:progress": {
    "packageId": "bnpm.byted.org/redux-saga/1.1.3",
    "requester": "/Users/bytedance/Desktop/codes/webpack-learn",
    "status": "resolved"
  },
  "213 debug pnpm:progress": {
    "packageId": "bnpm.byted.org/redux-logger/3.0.6",
    "requester": "/Users/bytedance/Desktop/codes/webpack-learn",
    "status": "found_in_store"
  },
  "214 debug pnpm:progress": {
    "packageId": "bnpm.byted.org/redux-logger/3.0.6",
    "requester": "/Users/bytedance/Desktop/codes/webpack-learn",
    "status": "resolved"
  },
  "215 debug pnpm:progress": {
    "packageId": "bnpm.byted.org/@babel/preset-env/7.17.10",
    "requester": "/Users/bytedance/Desktop/codes/webpack-learn",
    "status": "found_in_store"
  },
  "216 debug pnpm:progress": {
    "packageId": "bnpm.byted.org/@babel/preset-env/7.17.10",
    "requester": "/Users/bytedance/Desktop/codes/webpack-learn",
    "status": "resolved"
  },
  "217 debug pnpm:progress": {
    "packageId": "bnpm.byted.org/reselect/4.1.5",
    "requester": "/Users/bytedance/Desktop/codes/webpack-learn",
    "status": "found_in_store"
  },
  "218 debug pnpm:progress": {
    "packageId": "bnpm.byted.org/reselect/4.1.5",
    "requester": "/Users/bytedance/Desktop/codes/webpack-learn",
    "status": "resolved"
  },
  "219 debug pnpm:progress": {
    "packageId": "bnpm.byted.org/redux-thunk/2.4.1",
    "requester": "/Users/bytedance/Desktop/codes/webpack-learn",
    "status": "found_in_store"
  },
  "220 debug pnpm:progress": {
    "packageId": "bnpm.byted.org/redux-thunk/2.4.1",
    "requester": "/Users/bytedance/Desktop/codes/webpack-learn",
    "status": "resolved"
  },
  "221 error pnpm": {
    "code": "ERR_PNPM_NO_MATCHING_VERSION",
    "packageMeta": {
      "_id": "common",
      "_rev": "53638",
      "author": {
        "email": "hello@ge.tt",
        "name": "Ge.tt"
      },
      "bugs": {
        "url": "https://github.com/gett/common/issues"
      },
      "description": "A utility package with some useful functional stuff",
      "dist-tags": {
        "latest": "0.2.5"
      },
      "maintainers": [
        {
          "email": "jorgensen.ian@gmail.com",
          "name": "ianjorgensen"
        }
      ],
      "name": "common",
      "readme": "",
      "readmeFilename": "README.md",
      "repository": {
        "type": "git",
        "url": "git://github.com/gett/common.git"
      },
      "time": {
        "0.2.5": "2013-08-21T12:33:01.123Z",
        "0.2.4": "2013-08-15T09:05:42.272Z",
        "0.2.3": "2013-05-23T07:33:29.210Z",
        "0.2.1": "2011-08-31T17:28:47.085Z",
        "0.2.0": "2011-08-31T17:12:33.062Z",
        "0.1.4": "2011-08-06T15:26:13.234Z",
        "0.1.3": "2011-08-03T23:20:23.188Z",
        "0.1.2": "2011-07-23T18:22:43.620Z",
        "0.1.1": "2011-06-22T20:17:36.556Z",
        "0.1.0": "2011-06-18T11:43:20.059Z",
        "created": "2011-06-18T11:43:20.059Z",
        "modified": "2021-02-13 18:49:28"
      },
      "users": {
        "alfeo92": true,
        "fgribreau": true,
        "m42am": true
      },
      "versions": {
        "0.2.5": {
          "_cnpm_publish_time": 1377088381123,
          "_from": ".",
          "_hasShrinkwrap": false,
          "_id": "common@0.2.5",
          "_npmUser": {
            "email": "mathiasbuus@gmail.com",
            "name": "mafintosh"
          },
          "_npmVersion": "1.3.8",
          "author": {
            "email": "hello@ge.tt",
            "name": "Ge.tt"
          },
          "bugs": {
            "url": "https://github.com/gett/common/issues"
          },
          "contributors": [
            {
              "email": "m@ge.tt",
              "name": "Mathias Buus Madsen"
            }
          ],
          "description": "A utility package with some useful functional stuff",
          "directories": {},
          "dist": {
            "noattachment": false,
            "shasum": "3c7182f678bd1e3681cd5cc348c759fe8dd22394",
            "size": 4600,
            "tarball": "http://bnpm.byted.org/common/-/common-0.2.5.tgz"
          },
          "main": "./index.js",
          "maintainers": [
            {
              "email": "jorgensen.ian@gmail.com",
              "name": "ianjorgensen"
            }
          ],
          "name": "common",
          "publish_time": 1377088381123,
          "readmeFilename": "README.md",
          "repository": {
            "type": "git",
            "url": "git://github.com/gett/common.git"
          },
          "version": "0.2.5"
        },
        "0.2.4": {
          "_cnpm_publish_time": 1376557542272,
          "_from": ".",
          "_hasShrinkwrap": false,
          "_id": "common@0.2.4",
          "_npmUser": {
            "email": "mathiasbuus@gmail.com",
            "name": "mafintosh"
          },
          "_npmVersion": "1.3.5",
          "author": {
            "email": "hello@ge.tt",
            "name": "Ge.tt"
          },
          "bugs": {
            "url": "https://github.com/gett/common/issues"
          },
          "contributors": [
            {
              "email": "m@ge.tt",
              "name": "Mathias Buus Madsen"
            }
          ],
          "description": "A utility package with some useful functional stuff",
          "directories": {},
          "dist": {
            "noattachment": false,
            "shasum": "ad3c683c4f398bec692a6aea4df6878224029cb1",
            "size": 4545,
            "tarball": "http://bnpm.byted.org/common/-/common-0.2.4.tgz"
          },
          "main": "./index.js",
          "maintainers": [
            {
              "email": "jorgensen.ian@gmail.com",
              "name": "ianjorgensen"
            }
          ],
          "name": "common",
          "publish_time": 1376557542272,
          "readmeFilename": "README.md",
          "repository": {
            "type": "git",
            "url": "git://github.com/gett/common.git"
          },
          "version": "0.2.4"
        },
        "0.2.3": {
          "_cnpm_publish_time": 1369294409210,
          "_from": ".",
          "_hasShrinkwrap": false,
          "_id": "common@0.2.3",
          "_npmUser": {
            "email": "mathiasbuus@gmail.com",
            "name": "mafintosh"
          },
          "_npmVersion": "1.2.18",
          "author": {
            "email": "hello@ge.tt",
            "name": "Ge.tt"
          },
          "contributors": [
            {
              "email": "m@ge.tt",
              "name": "Mathias Buus Madsen"
            }
          ],
          "description": "A utility package with some useful functional stuff",
          "directories": {},
          "dist": {
            "noattachment": false,
            "shasum": "f0930ffd7f63192d24cbb7251495c520c64d35c4",
            "size": 4529,
            "tarball": "http://bnpm.byted.org/common/-/common-0.2.3.tgz"
          },
          "main": "./index.js",
          "maintainers": [
            {
              "email": "jorgensen.ian@gmail.com",
              "name": "ianjorgensen"
            }
          ],
          "name": "common",
          "publish_time": 1369294409210,
          "readmeFilename": "README.md",
          "version": "0.2.3"
        },
        "0.2.1": {
          "_cnpm_publish_time": 1314811727085,
          "_defaultsLoaded": true,
          "_engineSupported": true,
          "_hasShrinkwrap": false,
          "_id": "common@0.2.1",
          "_nodeVersion": "v0.4.10",
          "_npmJsonOpts": {
            "contributors": false,
            "file": "/Users/maf/.npm/common/0.2.1/package/package.json",
            "serverjs": false,
            "wscript": false
          },
          "_npmUser": {},
          "_npmVersion": "1.0.23",
          "author": {
            "email": "hello@ge.tt",
            "name": "Ge.tt"
          },
          "contributors": [
            {
              "email": "m@ge.tt",
              "name": "Mathias Buus Madsen"
            }
          ],
          "dependencies": {},
          "description": "A utility package with some useful functional stuff",
          "devDependencies": {},
          "directories": {},
          "dist": {
            "noattachment": false,
            "shasum": "c537fb11aca1ce09c125d20e0033941bfc0a9454",
            "size": 3186,
            "tarball": "http://bnpm.byted.org/common/-/common-0.2.1.tgz"
          },
          "engines": {
            "node": "*"
          },
          "main": "./index.js",
          "maintainers": [
            {
              "email": "jorgensen.ian@gmail.com",
              "name": "ianjorgensen"
            }
          ],
          "name": "common",
          "publish_time": 1314811727085,
          "scripts": {},
          "version": "0.2.1"
        },
        "0.2.0": {
          "_cnpm_publish_time": 1314810753062,
          "_defaultsLoaded": true,
          "_engineSupported": true,
          "_hasShrinkwrap": false,
          "_id": "common@0.2.0",
          "_nodeVersion": "v0.4.10",
          "_npmJsonOpts": {
            "contributors": false,
            "file": "/Users/maf/.npm/common/0.2.0/package/package.json",
            "serverjs": false,
            "wscript": false
          },
          "_npmUser": {},
          "_npmVersion": "1.0.23",
          "author": {
            "email": "hello@ge.tt",
            "name": "Ge.tt"
          },
          "contributors": [
            {
              "email": "m@ge.tt",
              "name": "Mathias Buus Madsen"
            }
          ],
          "dependencies": {},
          "description": "A utility package with some useful functional stuff",
          "devDependencies": {},
          "directories": {},
          "dist": {
            "noattachment": false,
            "shasum": "95dc43d3e53af23efb4579b35df710d81bf5f548",
            "size": 3187,
            "tarball": "http://bnpm.byted.org/common/-/common-0.2.0.tgz"
          },
          "engines": {
            "node": "*"
          },
          "main": "./index.js",
          "maintainers": [
            {
              "email": "jorgensen.ian@gmail.com",
              "name": "ianjorgensen"
            }
          ],
          "name": "common",
          "publish_time": 1314810753062,
          "scripts": {},
          "version": "0.2.0"
        },
        "0.1.4": {
          "_cnpm_publish_time": 1312644373234,
          "_defaultsLoaded": true,
          "_engineSupported": true,
          "_hasShrinkwrap": false,
          "_id": "common@0.1.4",
          "_nodeVersion": "v0.4.9",
          "_npmJsonOpts": {
            "contributors": false,
            "file": "/Users/maf/.npm/common/0.1.4/package/package.json",
            "serverjs": false,
            "wscript": false
          },
          "_npmUser": {},
          "_npmVersion": "1.0.15",
          "author": {
            "email": "hello@ge.tt",
            "name": "Ge.tt"
          },
          "contributors": [
            {
              "email": "m@ge.tt",
              "name": "Mathias Buus Madsen"
            }
          ],
          "dependencies": {},
          "description": "A utility package with some useful functional stuff",
          "devDependencies": {},
          "directories": {},
          "dist": {
            "noattachment": false,
            "shasum": "b8f2411cc0224a64032bcc7b778814d76e10bece",
            "size": 4328,
            "tarball": "http://bnpm.byted.org/common/-/common-0.1.4.tgz"
          },
          "engines": {
            "node": "*"
          },
          "main": "./index.js",
          "maintainers": [
            {
              "email": "jorgensen.ian@gmail.com",
              "name": "ianjorgensen"
            }
          ],
          "name": "common",
          "publish_time": 1312644373234,
          "scripts": {},
          "version": "0.1.4"
        },
        "0.1.3": {
          "_cnpm_publish_time": 1312413623188,
          "_defaultsLoaded": true,
          "_engineSupported": true,
          "_hasShrinkwrap": false,
          "_id": "common@0.1.3",
          "_nodeVersion": "v0.4.9",
          "_npmJsonOpts": {
            "contributors": false,
            "file": "/Users/maf/.npm/common/0.1.3/package/package.json",
            "serverjs": false,
            "wscript": false
          },
          "_npmUser": {},
          "_npmVersion": "1.0.15",
          "author": {
            "email": "hello@ge.tt",
            "name": "Ge.tt"
          },
          "contributors": [
            {
              "email": "m@ge.tt",
              "name": "Mathias Buus Madsen"
            }
          ],
          "dependencies": {},
          "description": "A utility package with some useful functional stuff",
          "devDependencies": {},
          "directories": {},
          "dist": {
            "noattachment": false,
            "shasum": "4a893fb2d57ff3af9a398ee085baff07926515ff",
            "size": 4350,
            "tarball": "http://bnpm.byted.org/common/-/common-0.1.3.tgz"
          },
          "engines": {
            "node": "*"
          },
          "main": "./index.js",
          "maintainers": [
            {
              "email": "jorgensen.ian@gmail.com",
              "name": "ianjorgensen"
            }
          ],
          "name": "common",
          "publish_time": 1312413623188,
          "scripts": {},
          "version": "0.1.3"
        },
        "0.1.2": {
          "_cnpm_publish_time": 1311445363620,
          "_defaultsLoaded": true,
          "_engineSupported": true,
          "_hasShrinkwrap": false,
          "_id": "common@0.1.2",
          "_nodeVersion": "v0.4.9",
          "_npmJsonOpts": {
            "contributors": false,
            "file": "/Users/maf/.npm/common/0.1.2/package/package.json",
            "serverjs": false,
            "wscript": false
          },
          "_npmUser": {},
          "_npmVersion": "1.0.15",
          "author": {
            "email": "hello@ge.tt",
            "name": "Ge.tt"
          },
          "contributors": [
            {
              "email": "m@ge.tt",
              "name": "Mathias Buus Madsen"
            }
          ],
          "dependencies": {},
          "description": "A utility package with some useful functional stuff",
          "devDependencies": {},
          "directories": {},
          "dist": {
            "noattachment": false,
            "shasum": "95d129c56dc9bd81bd5bec0ff88ac62dd6170865",
            "size": 4310,
            "tarball": "http://bnpm.byted.org/common/-/common-0.1.2.tgz"
          },
          "engines": {
            "node": "*"
          },
          "main": "./index.js",
          "maintainers": [
            {
              "email": "jorgensen.ian@gmail.com",
              "name": "ianjorgensen"
            }
          ],
          "name": "common",
          "publish_time": 1311445363620,
          "scripts": {},
          "version": "0.1.2"
        },
        "0.1.1": {
          "_cnpm_publish_time": 1308773856556,
          "_defaultsLoaded": true,
          "_engineSupported": true,
          "_hasShrinkwrap": false,
          "_id": "common@0.1.1",
          "_nodeVersion": "v0.4.8",
          "_npmUser": {},
          "_npmVersion": "0.3.18",
          "author": {
            "email": "hello@ge.tt",
            "name": "Ge.tt"
          },
          "contributors": [
            {
              "email": "m@ge.tt",
              "name": "Mathias Buus Madsen"
            }
          ],
          "description": "A utility package with some useful functional stuff",
          "directories": {},
          "dist": {
            "noattachment": false,
            "shasum": "a3572deddeea0c35edb8fc94e67bf0ce64f19f52",
            "size": 4338,
            "tarball": "http://bnpm.byted.org/common/-/common-0.1.1.tgz"
          },
          "engines": {
            "node": "*"
          },
          "files": [
            ""
          ],
          "main": "./index.js",
          "maintainers": [
            {
              "email": "jorgensen.ian@gmail.com",
              "name": "ianjorgensen"
            }
          ],
          "name": "common",
          "publish_time": 1308773856556,
          "version": "0.1.1"
        },
        "0.1.0": {
          "_cnpm_publish_time": 1308397400059,
          "_engineSupported": true,
          "_hasShrinkwrap": false,
          "_id": "common@0.1.0",
          "_nodeVersion": "v0.4.8",
          "_npmUser": {},
          "_npmVersion": "0.3.18",
          "author": {
            "email": "mathiasbuus@gmail.com",
            "name": "Mathias Buus Madsen"
          },
          "description": "A small utility package with some useful stuff",
          "directories": {},
          "dist": {
            "noattachment": false,
            "shasum": "500f1e33c728d3090642c6e8b97bcc658db3e6ca",
            "size": 2005,
            "tarball": "http://bnpm.byted.org/common/-/common-0.1.0.tgz"
          },
          "engines": {
            "node": "*"
          },
          "main": "./index.js",
          "maintainers": [
            {
              "email": "jorgensen.ian@gmail.com",
              "name": "ianjorgensen"
            }
          ],
          "name": "common",
          "publish_time": 1308397400059,
          "version": "0.1.0"
        }
      },
      "cachedAt": 1652581615416
    },
    "pkgsStack": [],
    "err": {
      "name": "pnpm",
      "message": "No matching version found for common@^1.0.0",
      "code": "ERR_PNPM_NO_MATCHING_VERSION",
      "stack": "pnpm: No matching version found for common@^1.0.0\n    at resolveNpm (/Users/bytedance/Library/pnpm/global/5/.pnpm/pnpm@7.0.1/node_modules/pnpm/dist/pnpm.cjs:84480:15)\n    at processTicksAndRejections (node:internal/process/task_queues:96:5)\n    at async Object.resolve (/Users/bytedance/Library/pnpm/global/5/.pnpm/pnpm@7.0.1/node_modules/pnpm/dist/pnpm.cjs:84662:28)\n    at async run (/Users/bytedance/Library/pnpm/global/5/.pnpm/pnpm@7.0.1/node_modules/pnpm/dist/pnpm.cjs:91125:23)"
    }
  }
}