{
  "0 debug pnpm:scope": {
    "selected": 1,
    "workspacePrefix": "/Users/bytedance/Desktop/codes/webpack-learn"
  },
  "1 error pnpm": {
    "code": "ELIFECYCLE",
    "errno": "ENOENT",
    "syscall": "spawn",
    "file": "sh",
    "pkgid": "common@1.0.0",
    "stage": "start",
    "script": "cross-env NODE_ENV=development webpack server --config ../build/src/webpack.config.ts",
    "pkgname": "common",
    "err": {
      "name": "pnpm",
      "message": "common@1.0.0 start: `cross-env NODE_ENV=development webpack server --config ../build/src/webpack.config.ts`\nspawn ENOENT",
      "code": "ELIFECYCLE",
      "stack": "pnpm: common@1.0.0 start: `cross-env NODE_ENV=development webpack server --config ../build/src/webpack.config.ts`\nspawn ENOENT\n    at ChildProcess.<anonymous> (/Users/bytedance/.nvm/versions/node/v16.14.2/pnpm-global/5/node_modules/.pnpm/pnpm@7.0.0/node_modules/pnpm/dist/pnpm.cjs:93294:22)\n    at ChildProcess.emit (node:events:526:28)\n    at maybeClose (node:internal/child_process:1092:16)\n    at Process.ChildProcess._handle.onexit (node:internal/child_process:302:5)"
    }
  },
  "2 warn pnpm:global": " Local package.json exists, but node_modules missing, did you mean to install?"
}